[    0.000000] Initializing cgroup subsys cpuset
[    0.000000] Initializing cgroup subsys cpu
[    0.000000] Initializing cgroup subsys cpuacct
[    0.000000] Linux version 4.4.0-119-generic (buildd@lcy01-amd64-013) (gcc version 5.4.0 20160609 (Ubuntu 5.4.0-6ubuntu1~16.04.9) ) #143-Ubuntu SMP Mon Apr 2 16:08:24 UTC 2018 (Ubuntu 4.4.0-119.143-generic 4.4.114)
[    0.000000] Command line: BOOT_IMAGE=/boot/vmlinuz-4.4.0-119-generic root=UUID=61d1aa66-28a9-41df-8da3-470b85ba1d8a ro console=tty1 console=ttyS0
[    0.000000] KERNEL supported cpus:
[    0.000000]   Intel GenuineIntel
[    0.000000]   AMD AuthenticAMD
[    0.000000]   Centaur CentaurHauls
[    0.000000] x86/fpu: xstate_offset[2]:  576, xstate_sizes[2]:  256
[    0.000000] x86/fpu: Supporting XSAVE feature 0x01: 'x87 floating point registers'
[    0.000000] x86/fpu: Supporting XSAVE feature 0x02: 'SSE registers'
[    0.000000] x86/fpu: Supporting XSAVE feature 0x04: 'AVX registers'
[    0.000000] x86/fpu: Enabled xstate features 0x7, context size is 832 bytes, using 'standard' format.
[    0.000000] x86/fpu: Using 'lazy' FPU context switches.
[    0.000000] e820: BIOS-provided physical RAM map:
[    0.000000] BIOS-e820: [mem 0x0000000000000000-0x000000000009fbff] usable
[    0.000000] BIOS-e820: [mem 0x000000000009fc00-0x000000000009ffff] reserved
[    0.000000] BIOS-e820: [mem 0x00000000000f0000-0x00000000000fffff] reserved
[    0.000000] BIOS-e820: [mem 0x0000000000100000-0x000000007e7effff] usable
[    0.000000] BIOS-e820: [mem 0x000000007e7f0000-0x000000007e7fffff] ACPI data
[    0.000000] BIOS-e820: [mem 0x00000000fec00000-0x00000000fec00fff] reserved
[    0.000000] BIOS-e820: [mem 000000000fee00000-0x00000000fee00fff] reserved
[    0.000000] BIOS-e820: [mem 0x00000000fffc0000-0x00000000ffffffff] reserved
[    0.000000] NX (Execute Disable) protection: active
[    0.000000] SMBIOS 2.5 present.
[    0.000000] Hypervisor detected: KVM
[    0.000000] e820: last_pfn = 0x7e7f0 max_arch_pfn = 0x400000000
[    0.000000] MTRR: Disabled
[    0.000000] x86/PAT: MTRRs disabled, skipping PAT initialization too.
[    0.000000] CPU MTRRs all blank - virtualized system.
[    0.000000] x86/PAT: Configuration [0-7]: WB  WT  UC- UC  WB  WT  C- UC  
[    0.000000] found SMP MP-table at [mem 0x0009fff0-0x0009ffff] mapped at [ffff88000009fff0]
[    0.000000] Scanning 1 areas for low memory corruption
[    0.000000] RAMDISK: [mem 0x36202000-0x370f8fff]
[    0.000000] ACPI: Early table checksum verification disabled
[    0.000000] ACPI: RSDP 0x00000000000E0000 000024 (v02 VBOX  )
[    0.000000] ACPI: XSDT 0x000000007E7F0030 00003C (v01 VBOX   VBOXXSDT 00000001 ASL  00000061)
[    0.000000] ACPI: FACP 0x000000007E7F00F0 0000F4 (v04 VBOX   VBOXFACP 00000001 ASL  00000061)
[    0.000000] ACPI: DSDT 0x000000007E7F0470 0021FF (v02 VBOX   VBOXBIOS 00000002 INTL 20100528)
[    0.000000] ACPI: FACS 0x000000007E7F0200 000040
[    0.000000] ACPI: FACS 0x000000007E7F0200 000040
[    0.000000] ACPI: APIC 0x000000007E7F0240 00005C (v02 VBOX   VBOXAPIC 00000001 ASL  00000061)
[    0.00000] ACPI: SSDT 0x000000007E7F02A0 0001CC (v01 VBOX   VBOXCPUT 00000002 INTL 20100528)
[    0.000000] No NUMA configuration found
[    0.000000] Faking a node at [mem 0x0000000000000000-0x000000007e7effff]
[    0.000000] NODE_DATA(0) allocated [mem 0x7e7eb000-0x7e7effff]
[    0.000000] kvm-clock: Using msrs 4b564d01 and 4b564d00
[    0.000000] kvm-clock: cpu 0, msr 0:7e7e3001, primary pu clock
[    0.000000] kvm-clock: using sched offset of 5204805716 cycles
[    0.000000] clocksource: kvm-clock: mask: 0xffffffffffffffff max_cycles: 0x1cd42e4dffb, max_idle_ns: 881590591483 ns
[    0.000000] Zone ranges:
[    0.000000]   DMA      [mem 0x0000000000001000-0x0000000000ffffff]
[    0.000000]   DMA32    [mem 0x0000000001000000-0x000000007e7effff]
[    0.000000]   Normal   empty
[    0.000000]   Device   empty
[    0.000000] Movable zone start for each node
[    0.000000] Early memory node ranges
[    0.000000]   node   0: [mem 0x0000000000001000-0x000000000009efff]
[    0.000000]   node   0: [mem 0x0000000000100000-0x000000007e7effff]
[    0.000000] Initmem setup node 0 [mem 0x0000000000001000-0x000000007e7effff]
[    0.000000] ACPI: PM-Timer IO Port: 0x4008
[    0.000000] IOAPIC[0]: apic_id 2, version 32, address 0xfec00000, GSI 0-23
[    0.000000] ACPI: INT_SRC_OVR (bus 0 bus_irq 0 global_irq 2 dfl dfl)
[    0.000000] ACPI: INT_SRC_OVR (bus 0 bus_irq 9 global_irq 9 low level)
[    0.000000] Using ACPI (MADT) for SMP configuration information
[    0.000000] smpboot: Allowing 2 CPUs, 0 hotplug CPUs
[    0.000000] PM: Registered nosave memory: [mem 0x00000000-0x00000fff]
[    0.000000] PM: Registered nosave memory: [mem 0x0009f000-0x0009ffff]
[    0.000000] PM: Registered nosave memory: [mem 0x000a0000-0x000effff]
[    0.000000] PM: Registered nosave memory: [mem 0x000f0000-0x000fffff]
[    0.000000] e820: [mem 0x7e800000-0xfebfffff] available for PCI devices
[    0.000000] Booting paravirtualized kernel on KVM
[    0.000000] clocksource: refined-jiffies: mask: 0xffffffff max_cycles: 0xffffffff, max_idle_ns: 7645519600211568 ns
[    0.000000] setup_percpu: NR_CPUS:512 nr_cpumask_bits:512 nr_cpu_ids:2 nr_node_ids:1
[    0.000000] PERCPU: Embedded 34 pages/cpu @ffff88007e400000 s99544 r8192 d31528 u1048576
[    0.000000] PV qspinlock hash table entries: 256 (order: 0, 4096 bytes)
[    0.000000] Built 1 zonelists in Node order, mobility grouping on.  Total pages: 509912
[    0.00000] Policy zone: DMA32
[    0.000000] Kernel command line: BOOTT_IMAGE=/boot/vmlinuz-4.4.0-119-generic root=UUID=61d1aa66-28a9-41df-8da3-470b85ba1d8a ro console=tty1 console=ttyS0
[    0.000000] PID hash table entries: 4096 (order: 3, 32768 bytes)
[    0.000000] Memory: 2004816K/2072120K available (8532K kernel code, 1313K rwdata, 3996K rodata, 1508K init, 1316K bss, 67304K reserved, 0K cma-reseved)
[    0.000000] SLUB: HWalign=64, Order=0-3, MinObjects=0, CPUs=2, Nodes=1
[    0.000000] Kernel/User page tables isolation: enabled
[    0.000000] Hierarchical RCU implementation.
[    0.000000] 	Build-time adjustment of leaf fanout to 64.
[    0.000000] 	RCU restricting CPUs from NR_CPUS=512 to nr_cpu_ds=2.
[    0.000000] RCU: Adjusting geometry for rcu_fanout_leaf=64, nr_cpu_ids=2
[    0.000000] NR_IRQS:33024 nr_irqs:440 16
[    0.000000] Console: colour VGA+ 80x25
[    0.000000] console [tty1] enabled
[    0.000000] console [ttyS0] enabled
[    0.000000] tsc: Detected 2594.120 MHz processor
[    0.724611] Calibrating delay loop (skipped) preset value.. 5188.24 BogoMIPS (lpj=10376480)
[    0.740666] pid_max: default: 32768 minimum: 301
[    0.747415] ACPI: Core revision 20150930
[    0.754298] ACPI: 2 ACPI AML tables successfully acquired and loaded
[    0.757161] Security Framework initialized
[    0.759088] Yama: becoming mindful.
[    0.761656] AppArmor: AppArmor initialized
[    0.766807] Dentry cache hash table entries: 262144 (order: 9, 2097152 bytes)
[    0.779666] Inode-cache hash table entries: 131072 (order: 8, 1048576 bytes)
[    0.786161] Mount-cache hash table entries: 4096 (order: 3, 32768 bytes)
[    0.789497] Mountpoint-cache hash table entries: 4096 (order: 3, 32768 bytes)
[    0.794276] Initializing cgroup subsys io
[    0.796834] Initializing cgroup subsys memory
[    0.799164] Initializing cgroup subsys devices
[    0.801191] Initializing cgroup subsys freezer
[    0.804593] Initializing cgroup subsys net_cls
[    0.807086] Initializing cgroup subsys perf_event
[    0.809426] Initializing cgroup subsys net_prio
[    0.811777] Initializing cgroup subsys hugetlb
[    0.814146] Initializing cgroup subsys pids
[    0.816333] CPU: Physical Processor ID: 0
[    0.818130] CPU: Processor Core ID: 0
[    0.821172] FEATURE SPEC_CTRL Not Present
[    0.824007] mce: CPU supports 0 MCE banks
[    0.832604] Last level iTLB entries: 4KB 512, 2MB 8, 4MB 8
[    0.841542] Last level dTLB entries: 4KB 512, 2MB 32, 4MB 32, 1GB 0
[    0.844136] Spectre V2 mitigation: Mitigation: Full generic retpoline
[    0.847713] Spectre V2 mitigation: Speculation control IBPB not-supported IBRS not-supported
[    0.854950] Freeing SMP alternatives memory: 32K
[    0.873248] ftrace: allocating 32195 entries in 126 pages
[    0.994656] smpboot: APIC(0) Converting physical 0 to logical package 0
[    1.000043] smpboot: Max logical packages: 1
[    1.004170] x2apic enabled
[    1.009767] Switched APIC routing to physical x2apic.
[    1.016451] ..TIMER: vector=0x30 apic1=0 pin1=2 apic2=-1 pin2=-1
[    1.129151] APIC calibration not consistent with PM-Timer: 105ms instead of 100ms
[    1.133911] APIC delta adjusted to PM-Timer: 6247811 (6595186)
[    1.142564] smpboot: CPU0: Intel(R) Core(TM) i5-3230M CPU @ 2.60GHz (family: 0x6, model: 0x3a, stepping: 0x9)
[    1.157893] Performance Events: unsupported p6 CPU model 58 no PMU driver, software events only.
[    1.163482] KVM setup paravirtual spinlock
[    1.169791] x86: Booting SMP configuration:
[    1.172650] .... node  #0, CPUs:      #1
[    1.174895] kvm-clock: cpu 1, msr 0:7e7e3041, secondary cpu clock
[    1.199985] mce: CPU supports 0 MCE banks
[    1.209962] x86: Booted up 1 node, 2 CPUs
[    1.213243] smpboot: Total of 2 processors activated (10376.48 BogoMIPS)
[    1.218121] devtmpfs: initialized
[    1.235673] evm: security.selinux
[    1.237433] evm: security.SMACK64
[    1.239604] evm: security.SMACK64EXEC
[    1.241890] evm: security.SMACK64TRANSMUTE
[    1.243799] evm: security.SMACK64MMAP
[    1.246020] evm: security.ima
[    1.247946] evm: security.capability
[    1.250539] clocksource: jiffies: mask: 0xffffffff max_cycles: 0xffffffff, max_idle_ns: 7645041785100000 ns
[    1.254674] futex hash table entries: 512 (order: 3, 32768 bytes)
[    1.258396] pinctrl core: initialized pinctrl subsystem
[    1.260883] RTC time: 17:16:04, date: 03/21/19
[    1.266304] NET: Registered protocol family 16
[    1.279967] cpuidle: using governor ladder
[    1.293664] cpuidle: using governor menu
[    1.296166] PCCT header not found.
[    1.298583] ACPI: bus type PCI registered
[    1.300452] acpiphp: ACPI Hot Plug PCI Controller Driver version: 0.5
[    1.303200] PCI: Using configuration type 1 for base access
[    1.321646] ACPI: Added _OSI(Module Device)
[    1.325310] ACPI: Added _OSI(Processor Device)
[    1.327630] ACPI: Added _OSI(3.0 _SCP Extensions)
[    1.329990] ACPI: Added _OSI(Processor Aggregator Device)
[    1.334574] ACPI: Executed 1 blocks of module-level executable AML code
[    1.354312] ACPI: Interpreter enabled
[    1.356350] ACPI: (supports S0 S5)
[    1.358037] ACPI: Using IOAPIC for interrupt routing
[    1.361313] PCI: Using host bridge windows from ACPI; if necessary, use "pci=nocrs" and report a bug
[    1.377087] ACPI: PCI Root Bridge [PCI0] (domain 0000 [bus 00-ff])
[    1.380201] acpi PNP0A03:00: _OSC: OS supports [ASPM ClockPM Segments MSI]
[    1.383205] acpi PNP0A03:00: _OSC: not requesting OS control; OS requires [ExtendedConfig ASPM ClockPM MSI]
[    1.390448] acpi PNP0A03:00: fail to add MMCONFIG information, can't access extended PCI configuration space under this bridge.
[    1.400270] PCI host bridge to bus 0000:00
[    1.402288] pci_bus 0000:00: root bus resource [io  0x0000-0x0cf7 window]
[    1.404958] pci_bus 0000:00: root bus resource [io  0x0d00-0xffff window]
[    1.415038] pci_bus 0000:00: root bus resource [mem 0x000a0000-0x000bffff window]
[    1.420951] pci_bus 0000:00: root bus resource [mem 0x7e800000-0xfdffffff window]
[    1.425312] pci_bus 0000:00: root bus resource [bus 00-ff]
[    1.461346] pci 0000:00:01.1: legacy IDE quirk: reg 0x10: [io  0x01f0-0x01f7]
[    1.465171] pci 0000:00:01.1: legacy IDE quirk: reg 0x14: [io  0x03f6]
[    1.467995] pci 0000:00:01.1: legacy IDE quirk: reg 0x18: [io  0x0170-0x0177]
[    1.470719] pci 0000:00:01.1: legacy IDE quirk: reg 0x1c: [io  0x0376]
[    1.520139] pci 0000:00:07.0: quirk: [io  0x4000-0x403f] claimed by PIIX4 ACPI
[    1.530974] pci 0000:00:07.0: quirk: [io  0x4100-0x410f] claimed by PIIX4 SMB
[    1.565393] ACPI: PCI Interrupt Link [LNKA] (IRQs 5 9 10 *11)
[    1.569470] ACPI: PCI Interrupt Link [LNKB] (IRQs 5 9 *10 11)
[    1.572887] ACPI: PCI Interrupt Link [LNKC] (IRQs 5 *9 10 11)
[    1.580391] ACPI: PCI Interrupt Link [LNKD] (IRQs 5 9 10 *11)
[    1.584432] ACPI: Enabled 2 GPEs in block 00 to 07
[    1.587571] vgaarb: setting as boot device: PCI:0000:00:02.0
[    1.589973] vgaarb: device added: PCI:0000:00:02.0,decodes=io+mem,owns=io+mem,locks=none
[    1.594192] vgaarb: loaded
[    1.595835] vgaarb: bridge control possible 0000:00:02.0
[    1.599190] SCSI subsystem initialized
[    1.601575] ACPI: bus type USB registered
[    1.603562] usbcore: registered new interface driver usbfs
[    1.616783] usbcore: registered new interface driver hub
[    1.620433] usbcore: registered new device driver usb
[    1.625890] PCI: Using ACPI for IRQ routing
[    1.629330] NetLabel: Initializing
[    1.633225] NetLabel:  domain hash size = 128
[    1.635650] NetLabel:  protocols = UNLABELED CIPSOv4
[    1.638911] NetLabel:  unlabeled traffic allowed by default
[    1.643836] amd_nb: Cannot enumerate AMD northbridges
[    1.646911] clocksource: Switched to clocksource kvm-clock
[    1.681729] AppArmor: AppArmor Filesystem Enabled
[    1.684282] pnp: PnP ACPI init
[    1.688309] pnp: PnP ACPI: found 3 devices
[    1.706574] clocksource: acpi_pm: mask 0xffffff max_cycles: 0xffffff, max_idle_ns: 2085701024 ns
[    1.789635] NET: Registered protocol family 2
[    1.792930] TCP established hash table entries: 16384 (order: 5, 131072 bytes)
[    1.79843 TCP bind hash table entries: 16384 (order: 6, 262144 bytes)
[    1.888854] TCP: Hash tables congured (established 16384 bind 16384)
[    1.974868] UDP hash table entries: 1024 (order: 3, 32768 bytes)
[    1.978716] UDP-Lite hash table entries: 1024 (order: 3, 3276 bytes)
[    2.025552] NET: Registered protocol family 1
[   2.028478] pci 0000:00:00.0: Limiting direct PCI/PCI transfers
[    2.073543] pci 0000:00:01.0: Activating ISA DMA hang orkarounds
[    2.116849] Unpacking initramfs...

[    2.750295] Freeing initrd memory: 15324K
[    2.753457] RAPL PMU detected, API unit is 2^-32 Joules, 3 fixed counters 10737418240 ms ovfl timer
[    2.758979] hw unit of domain pp0-core 2^-0 Joules
[    2.761982] hw unit of domain package 2^-0 Joules
[    2.764757] hw unit of domain pp1-gpu 2^-0 Joules
[    2.768435] platform rtc_cmos: registered platform RTC device (no PNP device found)
[    2.772118] Scanning for low memory corruption every 60 seconds
[    2.775949] audit: initializing netlink subsys (disabled)
[    2.779930] audit: type=2000 audit(1553188572.188:1): initialized
[    2.784443] Initialise system trusted keyring
[    2.787449] HugeTLB registered 2 MB page size, pre-allocated 0 pages
[    2.794233] zbud: loaded
[    2.797929] VFS: Disk quotas dquot_6.6.0
[    2.801850] VFS: Dquot-cache hash table entries: 512 (order 0, 4096 bytes)
[    2.805147] squashfs: version 4.0 (2009/01/31) Phillip Lougher
[    2.808560] fuse init (API version 7.23)
[    2.811715] Key type big_key registered
[    2.813952] Allocating IMA MOK and blacklist keyrings.
[    2.831409] Key type asymmetric registered
[    2.841787] Asymmetric key parser 'x509' registered
[    2.844297] Block layer SCSI generic (bsg) driver version 0.4 loaded (major 249)
[    2.849447] io scheduler noop registered
[    2.860785] io scheduler deadline registered (default)
[    2.864064] io scheduler cfq registered
[    2.866813] pci_hotplug: PCI Hot Plug PCI Core version: 0.5
[    2.870001] pciehp: PCI Express Hot Plug Controller Driver version: 0.4
[    2.879420] ACPI: AC Adapter [AC] (on-line)
[    2.882049] input: Power Button as /devices/LNXSYSTM:00/LNXPWRBN:00/input/input0
[    2.886002] ACPI: Power Button [PWRF]
[    2.888164] input: Sleep Button as /devices/LNXSYSTM:00/LNXSLPBN:00/input/input1
[    2.895569] ACPI: Sleep Button [SLPF]
[    2.898990] GHES: HEST is not enabled!
[    2.900413] ACPI: Battery Slot [BAT0] (battery present)
[    2.915054] Serial: 8250/16550 driver, 32 ports, IRQ sharing enabled
[    2.942927] 00:02: ttyS0 at I/O 0x3f8 (irq = 4, base_baud = 115200) is a 16550A
[    2.966288] Linux agpgart interface v0.103
[    2.973721] loop: module loaded
[    2.977302] scsi host0: ata_piix
[    2.979894] scsi host1: ata_piix
[    2.988152] ata1: PATA max UDMA/33 cmd 0x1f0 ctl 0x3f6 bmdma 0xd000 irq 14
[    2.991566] ata2: PATA max UDMA/33 cmd 0x170 ctl 0x376 bmdma 0xd008 irq 15
[    2.996136] libphy: Fixed MDIO Bus: probed
[    3.005418] tun: Universal TUN/TAP device driver, 1.6
[    3.007727] tun: (C) 1999-2004 Max Krasnyansky <maxk@qualcomm.com>
[    3.010761] PPP generic driver version 2.4.2
[    3.012893] ehci_hcd: USB 2.0 'Enhanced' Host Controller (EHCI) Driver
[    3.017492] ehci-pci: EHCI PCI platform driver
[    3.019506] ehci-platform: EHCI generic platform driver
[    3.021749] ohci_hcd: USB 1.1 'Open' Host Controller (OHCI) Driver
[    3.025101] ohci-pci: OHCI PCI platform driver
[    3.027527] ohci-platform: OHCI generic platform driver
[    3.029874] uhci_hcd: USB Universal Host Controller Interface driver
[    3.041888] i8042: PNP: PS/2 Controller [PNP0303:PS2K,PNP0f03:PS2M] at 0x60,0x64 irq 1,12
[    3.046822] serio: i8042 KBD port at 0x60,0x64 irq 1
[    3.054749] serio: i8042 AUX port at 0x60,0x64 irq 12
[    3.057312] mousedev: PS/2 mouse device common for all mice
[    3.061562] input: AT Translated Set 2 keyboard as /devices/platform/i8042/serio0/input/input2
[    3.067241] rtc_cmos rtc_cmos: rtc core: registered rtc_cmos as rtc0
[    3.070453] rtc_cmos rtc_cmos: alarms up to one day, 114 bytes nvram
[    3.073096] i2c /dev entries driver
[    3.075291] device-mapper: uevent: version 1.0.3
[    3.077888] device-mapper: ioctl: 4.34.0-ioctl (2015-10-28) initialised: dm-devel@redhat.com
[    3.090541] ledtrig-cpu: registered to indicate activity on CPUs
[    3.094371] NET: Registered protocol family 10
[    3.096874] NET: Registered protocol family 17
[    3.099580] Key type dns_resolver registered
[    3.102165] registered taskstats version 1
[    3.104120] Loading compiled-in X.509 certificates
[    3.107250] Loaded X.509 cert 'Build time autogenerated kernel key: f854e06633b5f496ced5b2e02c7b14f761b69302'
[    3.112481] zswap: loaded using pool lzo/zbud
[    3.118694] Key type trusted registered
[    3.129557] Key type encrypted registered
[    3.134451] AppArmor: AppArmor sha1 policy hashing enabled
[    3.137540] ima: No TPM chip found, activating TPM-bypass!
[    3.140581] evm: HMAC attrs: 0x1
[    3.144372]   Magic number: 11:83:290
[    3.146167] tty tty23: hash matches
[    3.148540] rtc_cmos rtc_cmos: setting system clock to 2019-03-21 17:16:06 UTC (1553188566)
[    3.152685] BIOS EDD facility v0.16 2004-Jun-25, 0 devices found
[    3.155521] EDD information not available.
[    3.163215] Freeing unused kernel memory: 1508K
[    3.165845] Write protecting the kernel read-only data: 14336k
[    3.169602] Freeing unused kernel memory: 1696K
[    3.172316] Freeing unused kernel memory: 100K
Loading, please wait...
starting version 229
[    3.202065] random: systemd-udevd: uninitialized urandom read (16 bytes read, 3 bits of entropy available)
[    3.218816] random: systemd-udevd: uninitialized urandom read (16 bytes read, 3 bits of entropy available)
[    3.222498] random: udevadm: uninitialized urandom read (16 bytes read, 3 bits of entropy available)
[    3.222542] random: udevadm: uninitialized urandom read (16 bytes read, 3 bits of entropy available)
[    3.261786] random: systemd-udevd: uninitialized urandom read (16 bytes read, 3 bits of entropy available)
[    3.264642] random: udevadm: uninitialized urandom read (16 bytes read, 3 bits of entropy available)
[    3.264755] random: udevadm: uninitialized urandom read (16 bytes read, 3 bits of entropy available)
[    3.265195] random: udevadm: uninitialized urandom read (16 bytes read, 3 bits of entropy available)
[    3.265353] random: udevadm: uninitialized urandom read (16 bytes read, 3 bits of entropy available)
[    3.265510] random: udevadm: uninitialized urandom read (16 bytes read, 3 bits of entropy available)
[    3.444547] e1000: Intel(R) PRO/1000 Network Driver - version 7.3.21-k8-NAPI
[    3.474450] e1000: Copyright (c) 1999-2006 Intel Corporation.
[    3.503293] Fusion MPT base driver 3.04.20
[    3.505774] Copyright (c) 1999-2008 LSI Corporation
[    3.531425] Fusion MPT SPI Host driver 3.04.20
[    3.578509] AVX version of gcm_enc/dec engaged.
[    3.582980] AES CTR mode by8 optimization enabled
[    3.766586] input: ImExPS/2 Generic Explorer Mouse as /devices/platform/i8042/serio1/input/input4
[    3.777756] tsc: Refined TSC clocksource calibration: 2594.245 MHz
[    3.804712] clocksource: tsc: mask: 0xffffffffffffffff max_cycles: 0x2564ffc0158, max_idle_ns: 440795326316 ns
[    4.049616] e1000 0000:00:03.0 eth0: (PCI:33MHz:32-bit) 02:b9:14:72:32:5c
[    4.053125] e1000 0000:00:03.0 eth0: Intel(R) PRO/1000 Network Connection
[    4.821607] e1000 0000:00:08.0 eth1: (PCI:33MHz:32-bit) 08:00:27:44:30:7b
[    4.826847] e1000 0000:00:08.0 eth1: Intel(R) PRO/1000 Network Connection
[    4.833775] mptbase: ioc0: Initiating bringup
[    4.834339] e1000 0000:00:08.0 enp0s8: renamed from eth1
[    4.859861] e1000 0000:00:03.0 enp0s3: renamed from eth0
[    4.919445] ioc0: LSI53C1030 A0: Capabilities={Initiator}
[    5.114762] scsi host2: ioc0: LSI53C1030 A0, FwRev=00000000h, Ports=1, MaxQ=256, IRQ=20
[    5.240127] scsi 2:0:0:0: Direct-Access     VBOX     HARDDISK         1.0  PQ: 0 ANSI: 5
[    5.254056] scsi target2:0:0: Beginning Domain Validation
[    5.260286] scsi target2:0:0: Domain Validation skipping write tests
[    5.270131] scsi target2:0:0: Ending Domain Validation
[    5.285394] scsi target2:0:0: asynchronous
[    5.290360] scsi 2:0:1:0: Direct-Access     VBOX     HARDDISK         1.0  PQ: 0 ANSI: 5
[    5.301079] scsi target2:0:1: Beginning Domain Validation
[    5.829779] scsi target2:0:1: Domain Validation skipping write tests
[    5.844667] scsi target2:0:1: Ending Domain Validation
[    5.853169] scsi target2:0:1: asynchronous
[    5.866656] sd 2:0:0:0: [sda] 20971520 512-byte logical blocks: (10.7 GB/10.0 GiB)
[    5.867247] sd 2:0:0:0: Attached scsi generic sg0 type 0
[    5.887762] sd 2:0:0:0: [sda] Write Protect is off
[    5.889041] sd 2:0:1:0: [sdb] 20480 512-byte logical blocks: (10.5 MB/10.0 MiB)
[    5.889312] sd 2:0:1:0: [sdb] Write Protect is off
[    5.889548] sd 2:0:1:0: [sdb] Incomplete mode parameter data
[    5.889554] sd 2:0:1:0: [sdb] Assuming drive cache: write through
[    5.908960] sd 2:0:1:0: Attached scsi generic sg1 type 0
[    5.912375] sd 2:0:0:0: [sda] Incomplete mode parameter data
[    5.927247] sd 2:0:0:0: [sda] Assuming drive cache: write through
[    6.155133]  sda: sda1
[    6.161533] sd 2:0:0:0: [sda] Attached SCSI disk
[    6.254970] sd 2:0:1:0: [sdb] Attached SCSI disk
[    6.495818] floppy0: no floppy controllers found
Begin: Loading e[    9.174688] md: linear personality registered for level -1
ssential drivers ... [    9.192005] md: multipath personality registered for level -4
[    9.199930] md: raid0 personality registered for level 0
[    9.209026] md: raid1 personality registered for level 1
[    9.294957] raid6: sse2x1   gen()  2181 MB/s
[    9.363300] raid6: sse2x1   xor()  1634 MB/s
[    9.431737] raid6: sse2x2   gen()  4131 MB/s
[    9.502938] raid6: sse2x2   xor()  2518 MB/s
[    9.571803] raid6: sse2x4   gen()  5917 MB/s
[    9.643507] raid6: sse2x4   xor()  2620 MB/s
[    9.645946] raid6: using algorithm sse2x4 gen() 5917 MB/s
[    9.648814] raid6: .... xor() 2620 MB/s, rmw enabled
[    9.651491] raid6: using ssse3x2 recovery algorithm
[    9.657721] xor: automatically using best checksumming function:
[    9.706960]    avx       : 12085.000 MB/sec
[    9.711069] async_tx: api initialized (async)
[    9.728244] md: raid6 personality registered for level 6
[    9.731419] md: raid5 personality registered for level 5
[    9.734296] md: raid4 personality registered for level 4
[    9.749279] md: raid10 personality registered for level 10
done.
Begin: Running /scripts/init-premount ... done.
Begin: Mounting root file system ... Begin: Running /scripts/local-top ... done.
Begin: Running /scripts/local-premount ... [    9.823118] Btrfs loaded
Scanning for Btrfs filesystems
done.
Warning: fsck not present, so skipping root file system
[   10.432125] EXT4-fs (sda1): mounted filesystem with ordered data mode. Opts: (null)
done.
[   11.011871] random: nonblocking pool is initialized
Begin: Running /scripts/local-bottom ... done.
Begin: Running /scripts/init-bottom ... done.
[   12.572018] systemd[1]: systemd 229 running in system mode. (+PAM +AUDIT +SELINUX +IMA +APPARMOR +SMACK +SYSVINIT +UTMP +LIBCRYPTSETUP +GCRYPT +GNUTLS +ACL +XZ -LZ4 +SECCOMP +BLKID +ELFUTILS +KMOD -IDN)
[   12.611837] systemd[1]: Detected virtualization oracle.
[   12.617545] systemd[1]: Detected architecture x86-64.

Welcome to [1mUbuntu 16.04.5 LTS[0m!

[   12.734474] systemd[1]: Set hostname to <laravelxenial>.
[   15.700616] systemd[1]: Listening on Journal Socket (/dev/log).
[[0;32m  OK  [0m] Listening on Journal Socket (/dev/log).
[   15.706418] systemd[1]: Listening on udev Kernel Socket.
[[0;32m  OK  [0m] Listening on udev Kernel Socket.
[   15.713338] systemd[1]: Created slice User and Session Slice.
[[0;32m  OK  [0m] Created slice User and Session Slice.
[   15.720202] systemd[1]: Created slice System Slice.
[[0;32m  OK  [0m] Created slice System Slice.
[   15.732671] systemd[1]: Reached target Slices.
[[0;32m  OK  [0m] Reached target Slices.
[   15.742672] systemd[1]: Started Forward Password Requests to Wall Directory Watch.
[[0;32m  OK  [0m] Started Forward Password Requests to Wall Directory Watch.
[   15.751265] systemd[1]: Created slice system-serial\x2dgetty.slice.
[[0;32m  OK  [0m] Created slice system-serial\x2dgetty.slice.
[   15.759398] systemd[1]: Listening on /dev/initctl Compatibility Named Pipe.
[[0;32m  OK  [0m] Listening on /dev/initctl Compatibility Named Pipe.
[   15.766618] systemd[1]: Listening on udev Control Socket.
[[0;32m  OK  [0m] Listening on udev Control Socket.
[   15.775235] systemd[1]: Reached target Encrypted Volumes.
[[0;32m  OK  [0m] Reached target Encrypted Volumes.
[   15.780448] systemd[1]: Listening on Journal Socket.
[[0;32m  OK  [0m] Listening on Journal Socket.
[   15.799963] systemd[1]: Starting Uncomplicated firewall...
         Starting Uncomplicated firewall...
[   15.806006] systemd[1]: Mounting Huge Pages File System...
         Mounting Huge Pages File System...
[   15.829636] systemd[1]: Starting Create list of required static device nodes for the current kernel...
         Starting Create list of required st... nodes for the current kernel...
[   15.844686] systemd[1]: Starting Nameserver information manager...
         Starting Nameserver information manager...
[   16.067217] systemd[1]: Starting Load Kernel Modules...
         Starting Load Kernel Modules...
[   16.081009] systemd[1]: Starting Remount Root and Kernel File Systems...
         Starting Remount Root and Kernel File Systems...
[   16.107372] systemd[1]: Listening on Journal Audit Socket.
[[0;32m  OK  [0m] Listening on Journal Audit Socket.
[   16.116418] systemd[1]: Set up automount Arbitrary Executable File Formats File System Automount Point.
[[0;32m  OK  [0m] Set up automount Arbitrary Executab...ats File System Automount Point.
[   16.140192] systemd[1]: Reached target Swap.
[[0;32m  OK  [0m] Reached target Swap.
[   16.148625] systemd[1]: Listening on LVM2 poll daemon socket.
[[0;32m  OK  [0m] Listening on LVM2 poll daemon socket.
[   16.167797] systemd[1]: Starting Set console keymap...
         Starting Set console keymap...
[   16.173750] systemd[1]: Listening on LVM2 metadata daemon socket.
[[0;32m  OK  [0m] Listening on LVM2 metadata daemon socket.
[   16.182560] systemd[1]: Mounting POSIX Message Queue File System...
         Mounting POSIX Message Queue File System...
[   16.189263] systemd[1]: Reached target User and Group Name Lookups.
[[0;32m  OK  [0m] Reached target User and Group Name Lookups.
[   16.196207] systemd[1]: Reached target System Time Synchronized.
[[0;32m  OK  [0m] Reached target System Time Synchronized.
[   16.203389] systemd[1]: Listening on Device-mapper event daemon FIFOs.
[[0;32m  OK  [0m] Listening on Device-mapper event daemon FIFOs.
[   16.223434] systemd[1]: Starting Monitoring of LVM2 mirrors, snapshots etc. using dmeventd or progress polling...
         Starting Monitoring of LVM2 mirrors... dmeventd or progress polling...
[   16.290855] systemd[1]: Started Trigger resolvconf update for networkd DNS.
[[0;32m  OK  [0m] Started Trigger resolvconf update for networkd DNS.
[   16.300307] systemd[1]: Listening on Syslog Socket.
[[0;32m  OK  [0m] Listening on Syslog Socket.
[   16.309489] EXT4-fs (sda1): re-mounted. Opts: (null)
[   16.320013] systemd[1]: Starting Journal Service...
         Starting Journal Service...
[   16.333915] systemd[1]: Mounting Debug File System...
         Mounting Debug File System...
[   16.342003] Loading iSCSI transport class v2.0-870.
[   16.350447] systemd[1]: Mounted Huge Pages File System.
[[0;32m  OK  [0m] Mounted Huge Pages File System.
[   16.361438] systemd[1]: Mounted POSIX Message Queue File System.
[[0;32m  OK  [0m] Mounted POSIX Message Queue File System.
[   16.376225] systemd[1]: Mounted Debug File System.
[[0;32m  OK  [0m] Mounted Debug File System.
[   16.391326] systemd[1]: Started Uncomplicated firewall.
[[0;32m  OK  [0m] Started Uncomplicated firewall.
[   16.440604] systemd[1]: Started Create list of required static device nodes for the current kernel.
[[0;32m  OK  [0m] Started Create list of required sta...ce nodes for the current kernel.
[   16.472630] systemd[1]: Started Remount Root and Kernel File Systems.
[[0;32m  OK  [0m] Started Remount Root and Kernel File Systems.
[   16.531336] systemd[1]: Started Nameserver information manager.
[[0;32m  OK  [0m] Started Nameserver information manager.
[   16.545796] iscsi: registered transport (tcp)
[   16.639459] systemd[1]: Starting Load/Save Random Seed...
         Starting Load/Save Random Seed...
[   16.656458] systemd[1]: Starting Initial cloud-init job (pre-networking)...
         Starting Initial cloud-init job (pre-networking)...
[   16.931991] systemd[1]: Starting udev Coldplug all Devices...
         Starting udev Coldplug all Devices...
[   16.938823] systemd[1]: Starting Create Static Device Nodes in /dev...
         Starting Create Static Device Nodes in /dev...
[   16.976651] systemd[1]: Started Set console keymap.
[[0;32m  OK  [0m] Started Set console keymap.
[   16.983002] systemd[1]: Started Load/Save Random Seed.
[[0;32m  OK  [0m] Started Load/Save Random Seed.
[   17.231285] systemd[1]: Started LVM2 metadata daemon.
[[0;32m  OK  [0m] Started LVM2 metadata daemon.
[   17.312845] systemd[1]: Started Journal Service.
[[0;32m  OK  [0m] Started Journal Service.
         Starting Flush Journal to Persistent Storage...
[   17.359642] iscsi: registered transport (iser)
[[0;32m  OK  [0m] Started Load Kernel Modules.
         Mounting FUSE Control File System...
         Starting Apply Kernel Variables...
[[0;32m  OK  [0m] Mounted FUSE Control File System.
[   17.559887] systemd-journald[400]: Received request to flush runtime journal from PID 1
[[0;32m  OK  [0m] Started Flush Journal to Persistent Storage.
[[0;32m  OK  [0m] Started Apply Kernel Variables.
[[0;32m  OK  [0m] Started udev Coldplug all Devices.
[[0;32m  OK  [0m] Started Monitoring of LVM2 mirrors,...ng dmeventd or progress polling.
[[0;32m  OK  [0m] Started Create Static Device Nodes in /dev.
         Starting udev Kernel Device Manager...
[[0;32m  OK  [0m] Started udev Kernel Device Manager.
[[0;32m  OK  [0m] Reached target Local File Systems (Pre).
[[0;32m  OK  [0m] Reached target Local File Systems.
         Starting Set console font and keymap...
         Starting Create Volatile Files and Directories...
         Starting LSB: AppArmor initialization...
         Starting Tell Plymouth To Write Out Runtime Data...
[[0;32m  OK  [0m] Started Dispatch Password Requests to Console Directory Watch.
[[0;32m  OK  [0m] Started Tell Plymouth To Write Out Runtime Data.
[[0;32m  OK  [0m] Started Create Volatile Files and Directories.
         Starting Update UTMP about System Boot/Shutdown...
[[0;32m  OK  [0m] Started Update UTMP about System Boot/Shutdown.
[[0;32m  OK  [0m] Found device /dev/ttyS0.
[[0;32m  OK  [0m] Listening on Load/Save RF Kill Switch Status /dev/rfkill Watch.
[[0;32m  OK  [0m] Started Set console font and keymap.
[[0;32m  OK  [0m] Created slice system-getty.slice.
[[0;32m  OK  [0m] Found device 82540EM Gigabit Ethern...r (PRO/1000 MT Desktop Adapter).
[[0;32m  OK  [0m] Found device 82540EM Gigabit Ethern...r (PRO/1000 MT Desktop Adapter).
[[0;32m  OK  [0m] Started LSB: AppArmor initialization.
[   33.837549] cloud-init[427]: Cloud-init v. 18.3-9-g2e62cb8a-0ubuntu1~16.04.2 running 'init-local' at Thu, 21 Mar 2019 17:16:36 +0000. Up 31.98 seconds.
[[0;32m  OK  [0m] Started Initial cloud-init job (pre-networking).
[[0;32m  OK  [0m] Reached target Network (Pre).
         Starting Raise network interfaces...
[[0;32m  OK  [0m] Started ifup for enp0s3.
[[0;32m  OK  [0m] Started ifup for enp0s8.
[[0;32m  OK  [0m] Started Raise network interfaces.
         Starting Initial cloud-init job (metadata service crawler)...
[[0;32m  OK  [0m] Reached target Network.
[   39.056553] cloud-init[1056]: Cloud-init v. 18.3-9-g2e62cb8a-0ubuntu1~16.04.2 running 'init' at Thu, 21 Mar 2019 17:16:40 +0000. Up 36.27 seconds.
[   39.072541] cloud-init[1056]: ci-info: ++++++++++++++++++++++++++++++++++++++Net device info+++++++++++++++++++++++++++++++++++++++
[   39.165100] cloud-init[1056]: ci-info: +--------+------+-----------------------------+---------------+--------+-------------------+
[   39.169976] cloud-init[1056]: ci-info: | Device |  Up  |           Address           |      Mask     | Scope  |     Hw-Address    |
[[0;32m  OK  [0m] Started Initial cloud-init job (metadata service crawler).
[   39.188851] cloud-init[1056]: ci-info: +--------+------+-----------------------------+---------------+--------+-------------------+
[   39.215348] cloud-init[1056]: ci-info: | enp0s3 | True |          10.0.2.15          | 255.255.255.0 | global | 02:b9:14:72:32:5c |
[   39.241004] cloud-init[1056]: ci-info: | enp0s3 | True |  fe80::b9:14ff:fe72:325c/64 |       .       |  link  | 02:b9:14:72:32:5c |
[   39.241964] cloud-init[1056]: ci-info: | enp0s8 | True |        192.168.33.97        | 255.255.255.0 | global | 08:00:27:44:30:7b |
[[0;32m  OK  [0m] Reached target System Initialization.
[   39.243325] cloud-init[1056]: ci-info: | enp0s8 | True | fe80::a00:27ff:fe44:307b/64 |       .       |  link  | 08:00:27:44:30:7b |
[   39.298530] cloud-init[1056]: ci-info: |   lo   | True |          127.0.0.1          |   255.0.0.0   |  host  |         .         |
[   39.300284] cloud-init[1056]: ci-info: |   lo   | True |           ::1/128           |       .       |  host  |         .         |
[   39.300699] cloud-init[1056]: ci-info: +--------+------+-----------------------------+---------------+--------+-------------------+
[   39.301344] cloud-init[1056]: ci-info: ++++++++++++++++++++++++++++Route IPv4 info++++++++++++++++++++++++++++
[[0;32m  OK  [0m] Started Daily Cleanup of Temporary Directories.
[   39.301647] cloud-init[1056]: ci-info: +-------+--------------+----------+---------------+-----------+-------+
[[   39.351765] cloud-init[1056]: ci-info: | Route | Destination  | Gateway  |    Genmask    | Interface | Flags |
[   39.352753] cloud-init[1056]: ci-info: +-------+--------------+----------+---------------+-----------+-------+
[   39.353085] cloud-init[1056]: ci-info: |   0   |   0.0.0.0    | 10.0.2.2 |    0.0.0.0    |   enp0s3  |   UG  |
[   39.353405] cloud-init[1056]: ci-info: |   1   |   10.0.2.0   | 0.0.0.0  | 255.255.255.0 |   enp0s3  |   U   |
[   39.353752] cloud-init[1056]: ci-info: |   2   | 192.168.33.0 | 0.0.0.0  | 255.255.255.0 |   enp0s8  |   U   |
[   39.354536] cloud-init[1056]: ci-info: +-------+--------------+----------+---------------+-----------+-------+
[   39.354856] cloud-init[1056]: ci-info: +++++++++++++++++++Route IPv6 info+++++++++++++++++++
[0;32m  OK  [0m] Listening on ACPID Listen Socket.
[   39.355213] cloud-init[1056]: ci-info: +-------+-------------+---------+-----------+-------+
         [   39.435766] Starting LXD - unix socket.cloud-init
[1056]: ci-info: | Route | Destination | Gateway | Interface | Flags |
[   39.484694] cloud-init[1056]: ci-info: +-------+-------------+---------+-----------+-------+
[   39.485334] cloud-init[1056]: ci-info: |   0   |  fe80::/64  |    ::   |   enp0s8  |   U   |
[   39.485943] cloud-init[1056]: ci-info: |   1   |  fe80::/64  |    ::   |   enp0s3  |   U   |
[   39.487782] cloud-init[1056]: ci-info: |   5   |   ff00::/8  |    ::   |   enp0s8  |   U   |
[   39.488173] cloud-init[1056]: ci-info: |   6   |   ff00::/8  |    ::   |   enp0s3  |   U   |
[   39.488460] cloud-init[1056]: ci-info: +-------+-------------+---------+-----------+-------+
[[0;32m  OK  [0m] Listening on D-Bus System Message Bus Socket.
[[0;32m  OK  [0m] Listening on UUID daemon activation socket.
         Starting Socket activation for snappy daemon.
[[0;32m  OK  [0m] Started Daily apt download activities.
[[0;32m  OK  [0m] Started Daily apt upgrade and clean activities.
[[0;32m  OK  [0m] Reached target Timers.
[[0;32m  OK  [0m] Started ACPI Events Check.
[[0;32m  OK  [0m] Reached target Paths.
[[0;32m  OK  [0m] Reached target Cloud-config availability.
[[0;32m  OK  [0m] Reached target Network is Online.
         Starting iSCSI initiator daemon (iscsid)...
[[0;32m  OK  [0m] Listening on LXD - unix socket.
[[0;32m  OK  [0m] Listening on Socket activation for snappy daemon.
[[0;32m  OK  [0m] Reached target Sockets.
[[0;32m  OK  [0m] Reached target Basic System.
         Starting Login Service...
         Starting Virtualbox guest utils...
         Starting MySQL Community Server...
[[0;32m  OK  [0m] Started D-Bus System Message Bus.
         Starting /etc/rc.local Compatibility...
         Starting LSB: Record successful boot for GRUB...
[[0;32m  OK  [0m] Started ACPI event daemon.
[[0;32m  OK  [0m] Started Deferred execution scheduler.
         Starting System Logging Service...
[[0;32m  OK  [0m] Started Unattended Upgrades Shutdown.
         Starting Snappy daemon...
         Starting Accounts Service...
[[0;32m  OK  [0m] Started Regular background program processing daemon.
         Starting LSB: MD monitoring daemon...
[[0;32m  OK  [0m] Started FUSE filesystem for LXC.
         Starting OpenBSD Secure Shell server...
         Starting LXD - container startup/shutdown...
[[0;32m  OK  [0m] Started /etc/rc.local Compatibility.
[[0;32m  OK  [0m] Started Login Service.
[[0;32m  OK  [0m] Started System Logging Service.
[[0;32m  OK  [0m] Started iSCSI initiator daemon (iscsid).
         Starting Login to default iSCSI targets...
[[0;32m  OK  [0m] Started Login to default iSCSI targets.
[[0;32m  OK  [0m] Started LSB: MD monitoring daemon.
[[0;32m  OK  [0m] Reached target Remote File Systems (Pre).
[[0;32m  OK  [0m] Reached target Remote File Systems.
         Starting LSB: daemon to balance interrupts for SMP systems...
         Starting LSB: Set the CPU Frequency Scaling governor to "ondemand"...
         Starting LSB: automatic crash report generation...
         Starting LSB: Apache2 web server...
         Starting Permit User Sessions...
[[0;32m  OK  [0m] Started LSB: Record successful boot for GRUB.
[[0;32m  OK  [0m] Started LSB: Set the CPU Frequency Scaling governor to "ondemand".
[[0;32m  OK  [0m] Started Permit User Sessions.
[[0;32m  OK  [0m] Started OpenBSD Secure Shell server.
         Starting Terminate Plymouth Boot Screen...
         Starting Hold until boot process finishes up...
[[0;32m  OK  [0m] Started Terminate Plymouth Boot Screen.
[[0;32m  OK  [0m] Started Hold until boot process finishes up.
         Starting Set console scheme...
[[0;32m  OK  [0m] Started Serial Getty on ttyS0.
[[0;32m  OK  [0m] Started Getty on tty1.
[[0;32m  OK  [0m] Reached target Login Prompts.
[[0;32m  OK  [0m] Started LSB: automatic crash report generation.
[[0;32m  OK  [0m] Started Set console scheme.
[[0;32m  OK  [0m] Started Virtualbox guest utils.
[[0;32m  OK  [0m] Started LSB: daemon to balance interrupts for SMP systems.
         Starting Authenticate and Authorize Users to Run Privileged Tasks...
[[0;32m  OK  [0m] Started Authenticate and Authorize Users to Run Privileged Tasks.
[[0;32m  OK  [0m] Started Accounts Service.
[[0;32m  OK  [0m] Started Snappy daemon.
         Starting Wait until snapd is fully seeded...
[[0;32m  OK  [0m] Started Wait until snapd is fully seeded.
         Starting Apply the settings specified in cloud-config...
[[0;32m  OK  [0m] Created slice User Slice of vagrant.
         Starting User Manager for UID 1000...
[[0;32m  OK  [0m] Started Session 1 of user vagrant.

Ubuntu 16.04.5 LTS laravelxenial ttyS0

laravelxenial login: [   50.857828] cloud-init[1340]: Cloud-init v. 18.3-9-g2e62cb8a-0ubuntu1~16.04.2 running 'modules:config' at Thu, 21 Mar 2019 17:16:52 +0000. Up 48.04 seconds.
[   81.153552] cloud-init[1963]: Cloud-init v. 18.3-9-g2e62cb8a-0ubuntu1~16.04.2 running 'modules:final' at Thu, 21 Mar 2019 17:17:22 +0000. Up 78.26 seconds.
[   81.154860] cloud-init[1963]: Cloud-init v. 18.3-9-g2e62cb8a-0ubuntu1~16.04.2 finished at Thu, 21 Mar 2019 17:17:25 +0000. Datasource DataSourceNoCloud [seed=/dev/sdb][dsmode=net].  Up 81.12 seconds
         Stopping Session 10 of user vagrant.
[[0;32m  OK  [0m] Stopped target Cloud-init target.
[[0;32m  OK  [0m] Stopped target Graphical Interface.
         Stopping ACPI event daemon...
         Stopping Accounts Service...
         Stopping Authenticate and Authorize Users to Run Privileged Tasks...
[[0;32m  OK  [0m] Closed Load/Save RF Kill Switch Status /dev/rfkill Watch.
         Stopping User Manager for UID 1000...
[[0;32m  OK  [0m] Stopped Execute cloud user/final scripts.
[[0;32m  OK  [0m] Stopped target Multi-User System.
         Stopping LSB: automatic crash report generation...
         Stopping LXD - container startup/shutdown...
         Stopping D-Bus System Message Bus...
         Stopping MySQL Community Server...
         Stopping Regular background program processing daemon...
         Stopping LSB: Record successful boot for GRUB...
         Stopping Virtualbe         Stopping LSB: MD monitoring daemon...
         Stopping System Logging Service...
         Stopping LSB: daemon to balance interrupts for SMP systems...
         Stopping OpenBSD Secure Shell server...
         Stopping Deferred execution scheduler...
         Stopping LSB: Set the CPU Frequency Scaling governor to "ondemand"...
         Stopping LSB: Apache2 web server...
[[0;32m  OK  [0m] Stopped Apply the settings specified in cloud-config.
[[0;32m  OK  [0m] Stopped Wait until snapd is fully seeded.
         Stopping Snappy daemon...
[[0;32m  OK  [0m] Stopped target Cloud-config availability.
         Stopping FUSE filesystem for LXC...
[[0;32m  OK  [0m] Stopped target Timers.
[[0;32m  OK  [0m] Stopped Daily apt upgrade and clean activities.
[[0;32m  OK  [0m] Stopped Daily Cleanup of Temporary Directories.
[[0;32m  OK  [0m] Stopped Daily apt download activities.
[[0;32m  OK  [0m] Stopped target System Time Synchronized.
[[0;32m  OK  [0m] Unmounted /var/lib/lxcfs.
[[0;32m  OK  [0m] Stopped ACPI event daemon.
[[0;32m  OK  [0m] Stopped Deferred execution scheduler.
[[0;32m  OK  [0m] Stopped System Logging Service.
[[0;32m  OK  [0m] Stopped Snappy daemon.
[[0;32m  OK  [0m] Stopped Accounts Service.
[[0;32m  OK  [0m] Stopped Regular background program processing daemon.
[[0;32m  OK  [0m] Stopped OpenBSD Secure Shell server.
[[0;32m  OK  [0m] Stopped Serial Getty on ttyS0.
[[0;32m  OK  [0m] Stopped Getty on tty1.
[[0;32m  OK  [0m] Stopped Authenticate and Authorize Users to Run Privileged Tasks.
[[0;32m  OK  [0m] Stopped User Manager for UID 1000.
[[0;32m  OK  [0m] Stopped Session 10 of user vagrant.
[[0;32m  OK  [0m] Stopped D-Bus System Message Bus.
[[0;32m  OK  [0m] Stopped Unattended Upgrades Shutdown.
[[0;32m  OK  [0m] Stopped FUSE filesystem for LXC.
[[0;32m  OK  [0m] Stopped Virtualbox guest utils.
[[0;32m  OK  [0m] Stopped LSB: Record successful boot for GRUB.
[[0;32m  OK  [0m] Stopped LSB: Set the CPU Frequency Scaling governor to "ondemand".
[[0;32m  OK  [0m] Stopped LSB: daemon to balance interrupts for SMP systems.
[[0;32m  OK  [0m] Stopped LSB: MD monitoring daemon.
[[0;32m  OK  [0m] Stopped LSB: automatic crash report generation.
[[0;32m  OK  [0m] Stopped LXD - container startup/shutdown.
[[0;32m  OK  [0m] Removed slice User Slice of vagrant.
         Stopping Login Service...
[[0;32m  OK  [0m] Removed slice system-getty.slice.
[[0;32m  OK  [0m] Stopped /etc/rc.local Compatibility.
[[0;32m  OK  [0m] Removed slice system-serial\x2dgetty.slice.
         Stopping Permit User Sessions...
[[0;32m  OK  [0m] Stopped Permit User Sessions.
[[0;32m  OK  [0m] Stopped Login Service.
[[0;32m  OK  [0m] Stopped target User and Group Name Lookups.
[[0;32m  OK  [0m] Stopped LSB: Apache2 web server.
[[0;32m  OK  [0m] Stopped target Remote File Systems.
[[0;32m  OK  [0m] Stopped target Remote File Systems (Pre).
         Stopping Login to default iSCSI targets...
[[0;32m  OK  [0m] Stopped MySQL Community Server.
[[0;32m  OK  [0m] Stopped target Basic System.
[[0;32m  OK  [0m] Stopped target Slices.
[[0;32m  OK  [0m] Removed slice User and Session Slice.
[[0;32m  OK  [0m] Stopped target Sockets.
[[0;32m  OK  [0m] Closed D-Bus System Message Bus Socket.
[[0;32m  OK  [0m] Closed ACPID Listen Socket.
[[0;32m  OK  [0m] Closed UUID daemon activation socket.
[[0;32m  OK  [0m] Closed LXD - unix socket.
[[0;32m  OK  [0m] Closed Syslog Socket.
[[0;32m  OK  [0m] Closed Socket activation for snappy daemon.
[[0;32m  OK  [0m] Stopped target Paths.
[[0;32m  OK  [0m] Stopped Dispatch Password Requests to Console Directory Watch.
[[0;32m  OK  [0m] Stopped Forward Password Requests to Wall Directory Watch.
[[0;32m  OK  [0m] Stopped ACPI Events Check.
[[0;32m  OK  [0m] Stopped target System Initialization.
         Stopping Update UTMP about System Boot/Shutdown...
[[0;32m  OK  [0m] Stopped target Encrypted Volumes.
[[0;32m  OK  [0m] Stopped target Swap.
         Stopping Load/Save Random Seed...
[[0;32m  OK  [0m] Stopped Load/Save Random Seed.
[[0;32m  OK  [0m] Stopped Update UTMP about System Boot/Shutdown.
[[0;32m  OK  [0m] Stopped Login to default iSCSI targets.
         Stopping iSCSI initiator daemon (iscsid)...
[[0;32m  OK  [0m] Stopped Create Volatile Files and Directories.
[[0;32m  OK  [0m] Stopped iSCSI initiator daemon (iscsid).
[[0;32m  OK  [0m] Stopped target Network is Online.
[[0;32m  OK  [0m] Stopped Initial cloud-init job (metadata service crawler).
[[0;32m  OK  [0m] Stopped target Network.
         Stopping Raise network interfaces...
[[0;32m  OK  [0m] Stopped Raise network interfaces.
[[0;32m  OK  [0m] Stopped target Network (Pre).
[[0;32m  OK  [0m] Stopped Initial cloud-init job (pre-networking).
[[0;32m  OK  [0m] Stopped Apply Kernel Variables.
[[0;32m  OK  [0m] Stopped Load Kernel Modules.
[[0;32m  OK  [0m] Stopped target Local File Systems.
         Unmounting /run/user/1000...
         Unmounting /vagrant...
         Unmounting /var/www/html...
[[0;32m  OK  [0m] Unmounted /run/user/1000.
[[0;32m  OK  [0m] Unmounted /vagrant.
[[0;32m  OK  [0m] Unmounted /var/www/html.
[[0;32m  OK  [0m] Reached target Unmount All Filesystems.
[[0;32m  OK  [0m] Stopped target Local File Systems (Pre).
[[0;32m  OK  [0m] Stopped Create Static Device Nodes in /dev.
         Stopping Monitoring of LVM2 mirrors... dmeventd or progress polling...
[[0;32m  OK  [0m] Stopped Remount Root and Kernel File Systems.
[[0;32m  OK  [0m] Reached target Shutdown.
[ 4101.491446] reboot: Power down
